2019-09-25 09:08:40,768 [Worker-1: Loading available Gradle versions] INFO  o.e.b.c.i.u.g.PublishedGradleVersions - Gradle version information cache is up-to-date. Trying to read.
2019-09-25 09:12:05,986 [Worker-1: Importing Maven projects] ERROR o.e.m.c.i.p.ProjectConfigurationManager - Project overweight-male-exercise-service already exists
2019-09-25 09:12:05,994 [Worker-1: Importing Maven projects] ERROR o.e.m.c.i.p.ProjectConfigurationManager - Project overweight-male-meal-service already exists
2019-09-25 09:12:06,000 [Worker-1: Importing Maven projects] ERROR o.e.m.c.i.p.ProjectConfigurationManager - Project overweight-male-exercise-service already exists
2019-09-25 09:12:06,007 [Worker-1: Importing Maven projects] ERROR o.e.m.c.i.p.ProjectConfigurationManager - Project overweight-male-meal-service already exists
2019-09-25 09:12:06,015 [Worker-1: Importing Maven projects] ERROR o.e.m.c.i.p.ProjectConfigurationManager - Project overweight-male-exercise-service already exists
2019-09-25 09:12:06,023 [Worker-1: Importing Maven projects] ERROR o.e.m.c.i.p.ProjectConfigurationManager - Project overweight-male-meal-service already exists
2019-09-25 09:12:06,030 [Worker-1: Importing Maven projects] ERROR o.e.m.c.i.p.ProjectConfigurationManager - Project overweight-male-exercise-service already exists
2019-09-25 09:12:06,035 [Worker-1: Importing Maven projects] ERROR o.e.m.c.i.p.ProjectConfigurationManager - Project overweight-male-meal-service already exists
2019-09-25 09:12:06,042 [Worker-1: Importing Maven projects] ERROR o.e.m.c.i.p.ProjectConfigurationManager - Project overweight-male-exercise-service already exists
2019-09-25 09:12:06,049 [Worker-1: Importing Maven projects] ERROR o.e.m.c.i.p.ProjectConfigurationManager - Project overweight-male-meal-service already exists
2019-09-25 09:12:13,210 [Worker-1: Importing Maven projects] INFO  o.e.m.c.i.l.LifecycleMappingFactory - Using org.eclipse.m2e.jdt.JarLifecycleMapping lifecycle mapping for MavenProject: org.test:commmon-eureka-server:1 @ C:\Users\B4ibmjava17\Desktop\pro\fitnessTracker-project\MICROSERVICES\eureka-server\pom.xml.
2019-09-25 09:12:18,282 [Worker-1: Importing Maven projects] INFO  o.e.m.c.i.l.LifecycleMappingFactory - Using org.eclipse.m2e.jdt.JarLifecycleMapping lifecycle mapping for MavenProject: com.example:feign-client-service:0.0.1-SNAPSHOT @ C:\Users\B4ibmjava17\Desktop\pro\fitnessTracker-project\MICROSERVICES\feign-client-service\pom.xml.
2019-09-25 09:12:20,174 [Worker-1: Importing Maven projects] INFO  o.e.m.c.i.l.LifecycleMappingFactory - Using org.eclipse.m2e.jdt.JarLifecycleMapping lifecycle mapping for MavenProject: com.example:overweight-male-exercise-service:0.0.1-SNAPSHOT @ C:\Users\B4ibmjava17\Desktop\pro\fitnessTracker-project\MICROSERVICES\normalweight-female-exercise-service\pom.xml.
2019-09-25 09:12:20,520 [Worker-1: Importing Maven projects] INFO  o.e.m.c.i.l.LifecycleMappingFactory - Using org.eclipse.m2e.jdt.JarLifecycleMapping lifecycle mapping for MavenProject: com.example:overweight-male-meal-service:0.0.1-SNAPSHOT @ C:\Users\B4ibmjava17\Desktop\pro\fitnessTracker-project\MICROSERVICES\normalweight-female-meal-service\pom.xml.
2019-09-25 09:12:21,034 [Worker-1: Importing Maven projects] INFO  o.e.m.c.i.l.LifecycleMappingFactory - Using org.eclipse.m2e.jdt.JarLifecycleMapping lifecycle mapping for MavenProject: com.example.demo:PROJECT_USER:0.0.1-SNAPSHOT @ C:\Users\B4ibmjava17\Desktop\pro\fitnessTracker-project\MICROSERVICES\user-service\pom.xml.
2019-09-25 09:12:27,615 [Worker-1: Importing Maven projects] INFO  o.e.m.j.i.AbstractJavaProjectConfigurator - Adding source folder /overweight-male-exercise-service/src/main/java
2019-09-25 09:12:27,616 [Worker-1: Importing Maven projects] INFO  o.e.m.j.i.AbstractJavaProjectConfigurator - Adding resource folder /overweight-male-exercise-service/src/main/resources
2019-09-25 09:12:27,625 [Worker-1: Importing Maven projects] INFO  o.e.m.j.i.AbstractJavaProjectConfigurator - Adding resource folder /overweight-male-exercise-service/src/main/resources
2019-09-25 09:12:27,868 [Worker-1: Importing Maven projects] INFO  o.e.m.j.i.AbstractJavaProjectConfigurator - Adding source folder /overweight-male-exercise-service/src/test/java
2019-09-25 09:12:32,632 [Worker-1: Importing Maven projects] INFO  o.e.m.j.i.AbstractJavaProjectConfigurator - Adding source folder /overweight-male-meal-service/src/main/java
2019-09-25 09:12:32,640 [Worker-1: Importing Maven projects] INFO  o.e.m.j.i.AbstractJavaProjectConfigurator - Adding resource folder /overweight-male-meal-service/src/main/resources
2019-09-25 09:12:32,655 [Worker-1: Importing Maven projects] INFO  o.e.m.j.i.AbstractJavaProjectConfigurator - Adding resource folder /overweight-male-meal-service/src/main/resources
2019-09-25 09:12:32,662 [Worker-1: Importing Maven projects] INFO  o.e.m.j.i.AbstractJavaProjectConfigurator - Adding source folder /overweight-male-meal-service/src/test/java
2019-09-25 09:12:33,156 [Worker-1: Importing Maven projects] INFO  o.e.m.j.i.AbstractJavaProjectConfigurator - Adding source folder /commmon-eureka-server/src/main/java
2019-09-25 09:12:33,156 [Worker-1: Importing Maven projects] INFO  o.e.m.j.i.AbstractJavaProjectConfigurator - Adding resource folder /commmon-eureka-server/src/main/resources
2019-09-25 09:12:33,162 [Worker-1: Importing Maven projects] INFO  o.e.m.j.i.AbstractJavaProjectConfigurator - Adding resource folder /commmon-eureka-server/src/main/resources
2019-09-25 09:12:33,167 [Worker-1: Importing Maven projects] INFO  o.e.m.j.i.AbstractJavaProjectConfigurator - Adding source folder /commmon-eureka-server/src/test/java
2019-09-25 09:12:46,217 [Worker-1: Importing Maven projects] INFO  o.e.m.j.i.AbstractJavaProjectConfigurator - Adding source folder /feign-client-service/src/main/java
2019-09-25 09:12:46,217 [Worker-1: Importing Maven projects] INFO  o.e.m.j.i.AbstractJavaProjectConfigurator - Adding resource folder /feign-client-service/src/main/resources
2019-09-25 09:12:46,224 [Worker-1: Importing Maven projects] INFO  o.e.m.j.i.AbstractJavaProjectConfigurator - Adding resource folder /feign-client-service/src/main/resources
2019-09-25 09:12:46,230 [Worker-1: Importing Maven projects] INFO  o.e.m.j.i.AbstractJavaProjectConfigurator - Adding source folder /feign-client-service/src/test/java
2019-09-25 09:12:49,431 [Worker-1: Importing Maven projects] INFO  o.e.m.j.i.AbstractJavaProjectConfigurator - Adding source folder /PROJECT_USER/src/main/java
2019-09-25 09:12:49,437 [Worker-1: Importing Maven projects] INFO  o.e.m.j.i.AbstractJavaProjectConfigurator - Adding resource folder /PROJECT_USER/src/main/resources
2019-09-25 09:12:49,450 [Worker-1: Importing Maven projects] INFO  o.e.m.j.i.AbstractJavaProjectConfigurator - Adding resource folder /PROJECT_USER/src/main/resources
2019-09-25 09:12:49,456 [Worker-1: Importing Maven projects] INFO  o.e.m.j.i.AbstractJavaProjectConfigurator - Adding source folder /PROJECT_USER/src/test/java
2019-09-25 09:12:50,435 [Worker-1: Importing Maven projects] INFO  o.e.m.c.i.p.ProjectConfigurationManager - Imported and configured 15 project(s) in 44 sec
2019-09-25 09:12:53,990 [Worker-1: Building workspace] INFO  o.e.m.c.i.embedder.EclipseLogger - Using 'UTF-8' encoding to copy filtered resources.
2019-09-25 09:12:53,994 [Worker-1: Building workspace] INFO  o.e.m.c.i.embedder.EclipseLogger - Copying 1 resource
2019-09-25 09:12:54,020 [Worker-1: Building workspace] INFO  o.e.m.c.i.embedder.EclipseLogger - Copying 0 resource
2019-09-25 09:12:54,028 [Worker-1: Building workspace] INFO  o.e.m.c.i.embedder.EclipseLogger - Using 'UTF-8' encoding to copy filtered resources.
2019-09-25 09:12:54,036 [Worker-1: Building workspace] INFO  o.e.m.c.i.embedder.EclipseLogger - skip non existing resourceDirectory C:\Users\B4ibmjava17\Desktop\pro\fitnessTracker-project\MICROSERVICES\user-service\src\test\resources
2019-09-25 09:12:56,055 [Worker-1: Building workspace] INFO  o.e.m.c.i.embedder.EclipseLogger - Using 'UTF-8' encoding to copy filtered resources.
2019-09-25 09:12:56,056 [Worker-1: Building workspace] INFO  o.e.m.c.i.embedder.EclipseLogger - Copying 1 resource
2019-09-25 09:12:56,094 [Worker-1: Building workspace] INFO  o.e.m.c.i.embedder.EclipseLogger - Copying 1 resource
2019-09-25 09:12:56,117 [Worker-1: Building workspace] INFO  o.e.m.c.i.embedder.EclipseLogger - Using 'UTF-8' encoding to copy filtered resources.
2019-09-25 09:12:56,127 [Worker-1: Building workspace] INFO  o.e.m.c.i.embedder.EclipseLogger - skip non existing resourceDirectory C:\Users\B4ibmjava17\Desktop\pro\fitnessTracker-project\MICROSERVICES\eureka-server\src\test\resources
2019-09-25 09:12:57,615 [Worker-1: Building workspace] INFO  o.e.m.c.i.embedder.EclipseLogger - Using 'UTF-8' encoding to copy filtered resources.
2019-09-25 09:12:57,623 [Worker-1: Building workspace] INFO  o.e.m.c.i.embedder.EclipseLogger - Copying 1 resource
2019-09-25 09:12:57,654 [Worker-1: Building workspace] INFO  o.e.m.c.i.embedder.EclipseLogger - Copying 0 resource
2019-09-25 09:12:57,664 [Worker-1: Building workspace] INFO  o.e.m.c.i.embedder.EclipseLogger - Using 'UTF-8' encoding to copy filtered resources.
2019-09-25 09:12:57,664 [Worker-1: Building workspace] INFO  o.e.m.c.i.embedder.EclipseLogger - skip non existing resourceDirectory C:\Users\B4ibmjava17\Desktop\pro\fitnessTracker-project\MICROSERVICES\feign-client-service\src\test\resources
2019-09-25 09:12:59,295 [Worker-1: Building workspace] INFO  o.e.m.c.i.embedder.EclipseLogger - Using 'UTF-8' encoding to copy filtered resources.
2019-09-25 09:12:59,296 [Worker-1: Building workspace] INFO  o.e.m.c.i.embedder.EclipseLogger - Copying 1 resource
2019-09-25 09:12:59,319 [Worker-1: Building workspace] INFO  o.e.m.c.i.embedder.EclipseLogger - Copying 0 resource
2019-09-25 09:12:59,321 [Worker-1: Building workspace] INFO  o.e.m.c.i.embedder.EclipseLogger - Using 'UTF-8' encoding to copy filtered resources.
2019-09-25 09:12:59,333 [Worker-1: Building workspace] INFO  o.e.m.c.i.embedder.EclipseLogger - skip non existing resourceDirectory C:\Users\B4ibmjava17\Desktop\pro\fitnessTracker-project\MICROSERVICES\normalweight-female-exercise-service\src\test\resources
2019-09-25 09:13:00,418 [Worker-1: Building workspace] INFO  o.e.m.c.i.embedder.EclipseLogger - Using 'UTF-8' encoding to copy filtered resources.
2019-09-25 09:13:00,424 [Worker-1: Building workspace] INFO  o.e.m.c.i.embedder.EclipseLogger - Copying 1 resource
2019-09-25 09:13:00,438 [Worker-1: Building workspace] INFO  o.e.m.c.i.embedder.EclipseLogger - Copying 0 resource
2019-09-25 09:13:00,445 [Worker-1: Building workspace] INFO  o.e.m.c.i.embedder.EclipseLogger - Using 'UTF-8' encoding to copy filtered resources.
2019-09-25 09:13:00,445 [Worker-1: Building workspace] INFO  o.e.m.c.i.embedder.EclipseLogger - skip non existing resourceDirectory C:\Users\B4ibmjava17\Desktop\pro\fitnessTracker-project\MICROSERVICES\normalweight-female-meal-service\src\test\resources
2019-09-25 09:13:07,236 [Worker-13: Building workspace] INFO  o.e.m.c.i.embedder.EclipseLogger - Using 'UTF-8' encoding to copy filtered resources.
2019-09-25 09:13:07,240 [Worker-13: Building workspace] INFO  o.e.m.c.i.embedder.EclipseLogger - Copying 0 resource
2019-09-25 09:13:07,251 [Worker-13: Building workspace] INFO  o.e.m.c.i.embedder.EclipseLogger - Copying 0 resource
2019-09-25 09:13:07,259 [Worker-13: Building workspace] INFO  o.e.m.c.i.embedder.EclipseLogger - Using 'UTF-8' encoding to copy filtered resources.
2019-09-25 09:13:07,266 [Worker-13: Building workspace] INFO  o.e.m.c.i.embedder.EclipseLogger - skip non existing resourceDirectory C:\Users\B4ibmjava17\Desktop\pro\fitnessTracker-project\MICROSERVICES\user-service\src\test\resources
2019-09-25 09:13:07,293 [Worker-13: Building workspace] INFO  o.e.m.c.i.embedder.EclipseLogger - Using 'UTF-8' encoding to copy filtered resources.
2019-09-25 09:13:07,300 [Worker-13: Building workspace] INFO  o.e.m.c.i.embedder.EclipseLogger - Copying 0 resource
2019-09-25 09:13:07,301 [Worker-13: Building workspace] INFO  o.e.m.c.i.embedder.EclipseLogger - Copying 0 resource
2019-09-25 09:13:07,303 [Worker-13: Building workspace] INFO  o.e.m.c.i.embedder.EclipseLogger - Using 'UTF-8' encoding to copy filtered resources.
2019-09-25 09:13:07,303 [Worker-13: Building workspace] INFO  o.e.m.c.i.embedder.EclipseLogger - skip non existing resourceDirectory C:\Users\B4ibmjava17\Desktop\pro\fitnessTracker-project\MICROSERVICES\eureka-server\src\test\resources
2019-09-25 09:13:07,328 [Worker-13: Building workspace] INFO  o.e.m.c.i.embedder.EclipseLogger - Using 'UTF-8' encoding to copy filtered resources.
2019-09-25 09:13:07,329 [Worker-13: Building workspace] INFO  o.e.m.c.i.embedder.EclipseLogger - Copying 0 resource
2019-09-25 09:13:07,329 [Worker-13: Building workspace] INFO  o.e.m.c.i.embedder.EclipseLogger - Copying 0 resource
2019-09-25 09:13:07,331 [Worker-13: Building workspace] INFO  o.e.m.c.i.embedder.EclipseLogger - Using 'UTF-8' encoding to copy filtered resources.
2019-09-25 09:13:07,331 [Worker-13: Building workspace] INFO  o.e.m.c.i.embedder.EclipseLogger - skip non existing resourceDirectory C:\Users\B4ibmjava17\Desktop\pro\fitnessTracker-project\MICROSERVICES\feign-client-service\src\test\resources
2019-09-25 09:13:07,361 [Worker-13: Building workspace] INFO  o.e.m.c.i.embedder.EclipseLogger - Using 'UTF-8' encoding to copy filtered resources.
2019-09-25 09:13:07,361 [Worker-13: Building workspace] INFO  o.e.m.c.i.embedder.EclipseLogger - Copying 0 resource
2019-09-25 09:13:07,361 [Worker-13: Building workspace] INFO  o.e.m.c.i.embedder.EclipseLogger - Copying 0 resource
2019-09-25 09:13:07,379 [Worker-13: Building workspace] INFO  o.e.m.c.i.embedder.EclipseLogger - Using 'UTF-8' encoding to copy filtered resources.
2019-09-25 09:13:07,379 [Worker-13: Building workspace] INFO  o.e.m.c.i.embedder.EclipseLogger - skip non existing resourceDirectory C:\Users\B4ibmjava17\Desktop\pro\fitnessTracker-project\MICROSERVICES\normalweight-female-exercise-service\src\test\resources
2019-09-25 09:13:07,426 [Worker-13: Building workspace] INFO  o.e.m.c.i.embedder.EclipseLogger - Using 'UTF-8' encoding to copy filtered resources.
2019-09-25 09:13:07,427 [Worker-13: Building workspace] INFO  o.e.m.c.i.embedder.EclipseLogger - Copying 0 resource
2019-09-25 09:13:07,427 [Worker-13: Building workspace] INFO  o.e.m.c.i.embedder.EclipseLogger - Copying 0 resource
2019-09-25 09:13:07,428 [Worker-13: Building workspace] INFO  o.e.m.c.i.embedder.EclipseLogger - Using 'UTF-8' encoding to copy filtered resources.
2019-09-25 09:13:07,429 [Worker-13: Building workspace] INFO  o.e.m.c.i.embedder.EclipseLogger - skip non existing resourceDirectory C:\Users\B4ibmjava17\Desktop\pro\fitnessTracker-project\MICROSERVICES\normalweight-female-meal-service\src\test\resources
2019-09-25 09:16:17,875 [Worker-1: Loading available Gradle versions] INFO  o.e.b.c.i.u.g.PublishedGradleVersions - Gradle version information cache is up-to-date. Trying to read.
2019-09-25 09:16:42,346 [Worker-8: Building workspace] INFO  o.e.m.c.i.embedder.EclipseLogger - Using 'UTF-8' encoding to copy filtered resources.
2019-09-25 09:16:42,350 [Worker-8: Building workspace] INFO  o.e.m.c.i.embedder.EclipseLogger - Copying 1 resource
2019-09-25 09:16:42,369 [Worker-8: Building workspace] INFO  o.e.m.c.i.embedder.EclipseLogger - Copying 0 resource
2019-09-25 09:16:42,373 [Worker-8: Building workspace] INFO  o.e.m.c.i.embedder.EclipseLogger - Using 'UTF-8' encoding to copy filtered resources.
2019-09-25 09:16:42,373 [Worker-8: Building workspace] INFO  o.e.m.c.i.embedder.EclipseLogger - skip non existing resourceDirectory C:\Users\B4ibmjava17\Desktop\pro\fitnessTracker-project\MICROSERVICES\user-service\src\test\resources
2019-09-25 09:18:09,699 [Worker-0: Loading available Gradle versions] INFO  o.e.b.c.i.u.g.PublishedGradleVersions - Gradle version information cache is up-to-date. Trying to read.
